<?xml version="1.0" encoding="UTF-8"?>
<testsuite xmlns:xsi="http://www.w3.org/2001/XMLSchema-instance" xsi:noNamespaceSchemaLocation="https://maven.apache.org/surefire/maven-surefire-plugin/xsd/surefire-test-report.xsd" name="com.test.springboot.AppTest" time="5.317" tests="1" errors="0" skipped="0" failures="0">
  <properties>
    <property name="sun.desktop" value="windows"/>
    <property name="awt.toolkit" value="sun.awt.windows.WToolkit"/>
    <property name="file.encoding.pkg" value="sun.io"/>
    <property name="java.specification.version" value="1.8"/>
    <property name="sun.cpu.isalist" value="amd64"/>
    <property name="sun.jnu.encoding" value="GBK"/>
    <property name="java.class.path" value="F:\Eclipse_WorkSpace\springboot\target\test-classes;F:\Eclipse_WorkSpace\springboot\target\classes;E:\repo\org\mybatis\spring\boot\mybatis-spring-boot-starter\1.2.0\mybatis-spring-boot-starter-1.2.0.jar;E:\repo\org\springframework\boot\spring-boot-starter\2.1.2.RELEASE\spring-boot-starter-2.1.2.RELEASE.jar;E:\repo\org\springframework\boot\spring-boot\2.1.2.RELEASE\spring-boot-2.1.2.RELEASE.jar;E:\repo\org\springframework\boot\spring-boot-autoconfigure\2.1.2.RELEASE\spring-boot-autoconfigure-2.1.2.RELEASE.jar;E:\repo\org\springframework\boot\spring-boot-starter-logging\2.1.2.RELEASE\spring-boot-starter-logging-2.1.2.RELEASE.jar;E:\repo\ch\qos\logback\logback-classic\1.2.3\logback-classic-1.2.3.jar;E:\repo\ch\qos\logback\logback-core\1.2.3\logback-core-1.2.3.jar;E:\repo\org\apache\logging\log4j\log4j-to-slf4j\2.11.1\log4j-to-slf4j-2.11.1.jar;E:\repo\org\apache\logging\log4j\log4j-api\2.11.1\log4j-api-2.11.1.jar;E:\repo\org\slf4j\jul-to-slf4j\1.7.25\jul-to-slf4j-1.7.25.jar;E:\repo\javax\annotation\javax.annotation-api\1.3.2\javax.annotation-api-1.3.2.jar;E:\repo\org\yaml\snakeyaml\1.23\snakeyaml-1.23.jar;E:\repo\org\springframework\boot\spring-boot-starter-jdbc\2.1.2.RELEASE\spring-boot-starter-jdbc-2.1.2.RELEASE.jar;E:\repo\com\zaxxer\HikariCP\3.2.0\HikariCP-3.2.0.jar;E:\repo\org\springframework\spring-jdbc\5.1.4.RELEASE\spring-jdbc-5.1.4.RELEASE.jar;E:\repo\org\mybatis\spring\boot\mybatis-spring-boot-autoconfigure\1.2.0\mybatis-spring-boot-autoconfigure-1.2.0.jar;E:\repo\org\mybatis\mybatis\3.4.2\mybatis-3.4.2.jar;E:\repo\org\mybatis\mybatis-spring\1.3.1\mybatis-spring-1.3.1.jar;E:\repo\mysql\mysql-connector-java\8.0.13\mysql-connector-java-8.0.13.jar;E:\repo\org\springframework\boot\spring-boot-starter-web\2.1.2.RELEASE\spring-boot-starter-web-2.1.2.RELEASE.jar;E:\repo\org\springframework\boot\spring-boot-starter-json\2.1.2.RELEASE\spring-boot-starter-json-2.1.2.RELEASE.jar;E:\repo\com\fasterxml\jackson\core\jackson-databind\2.9.8\jackson-databind-2.9.8.jar;E:\repo\com\fasterxml\jackson\core\jackson-core\2.9.8\jackson-core-2.9.8.jar;E:\repo\com\fasterxml\jackson\datatype\jackson-datatype-jdk8\2.9.8\jackson-datatype-jdk8-2.9.8.jar;E:\repo\com\fasterxml\jackson\datatype\jackson-datatype-jsr310\2.9.8\jackson-datatype-jsr310-2.9.8.jar;E:\repo\com\fasterxml\jackson\module\jackson-module-parameter-names\2.9.8\jackson-module-parameter-names-2.9.8.jar;E:\repo\org\springframework\boot\spring-boot-starter-tomcat\2.1.2.RELEASE\spring-boot-starter-tomcat-2.1.2.RELEASE.jar;E:\repo\org\apache\tomcat\embed\tomcat-embed-core\9.0.14\tomcat-embed-core-9.0.14.jar;E:\repo\org\apache\tomcat\embed\tomcat-embed-el\9.0.14\tomcat-embed-el-9.0.14.jar;E:\repo\org\apache\tomcat\embed\tomcat-embed-websocket\9.0.14\tomcat-embed-websocket-9.0.14.jar;E:\repo\org\hibernate\validator\hibernate-validator\6.0.14.Final\hibernate-validator-6.0.14.Final.jar;E:\repo\javax\validation\validation-api\2.0.1.Final\validation-api-2.0.1.Final.jar;E:\repo\org\jboss\logging\jboss-logging\3.3.2.Final\jboss-logging-3.3.2.Final.jar;E:\repo\org\springframework\spring-web\5.1.4.RELEASE\spring-web-5.1.4.RELEASE.jar;E:\repo\org\springframework\spring-beans\5.1.4.RELEASE\spring-beans-5.1.4.RELEASE.jar;E:\repo\org\springframework\spring-webmvc\5.1.4.RELEASE\spring-webmvc-5.1.4.RELEASE.jar;E:\repo\org\springframework\spring-context\5.1.4.RELEASE\spring-context-5.1.4.RELEASE.jar;E:\repo\org\springframework\spring-expression\5.1.4.RELEASE\spring-expression-5.1.4.RELEASE.jar;E:\repo\org\springframework\boot\spring-boot-starter-test\2.1.2.RELEASE\spring-boot-starter-test-2.1.2.RELEASE.jar;E:\repo\org\springframework\boot\spring-boot-test\2.1.2.RELEASE\spring-boot-test-2.1.2.RELEASE.jar;E:\repo\org\springframework\boot\spring-boot-test-autoconfigure\2.1.2.RELEASE\spring-boot-test-autoconfigure-2.1.2.RELEASE.jar;E:\repo\com\jayway\jsonpath\json-path\2.4.0\json-path-2.4.0.jar;E:\repo\net\minidev\json-smart\2.3\json-smart-2.3.jar;E:\repo\net\minidev\accessors-smart\1.2\accessors-smart-1.2.jar;E:\repo\org\ow2\asm\asm\5.0.4\asm-5.0.4.jar;E:\repo\junit\junit\4.12\junit-4.12.jar;E:\repo\org\assertj\assertj-core\3.11.1\assertj-core-3.11.1.jar;E:\repo\org\mockito\mockito-core\2.23.4\mockito-core-2.23.4.jar;E:\repo\net\bytebuddy\byte-buddy\1.9.7\byte-buddy-1.9.7.jar;E:\repo\net\bytebuddy\byte-buddy-agent\1.9.7\byte-buddy-agent-1.9.7.jar;E:\repo\org\objenesis\objenesis\2.6\objenesis-2.6.jar;E:\repo\org\hamcrest\hamcrest-core\1.3\hamcrest-core-1.3.jar;E:\repo\org\hamcrest\hamcrest-library\1.3\hamcrest-library-1.3.jar;E:\repo\org\skyscreamer\jsonassert\1.5.0\jsonassert-1.5.0.jar;E:\repo\com\vaadin\external\google\android-json\0.0.20131108.vaadin1\android-json-0.0.20131108.vaadin1.jar;E:\repo\org\springframework\spring-core\5.1.4.RELEASE\spring-core-5.1.4.RELEASE.jar;E:\repo\org\springframework\spring-jcl\5.1.4.RELEASE\spring-jcl-5.1.4.RELEASE.jar;E:\repo\org\springframework\spring-test\5.1.4.RELEASE\spring-test-5.1.4.RELEASE.jar;E:\repo\org\xmlunit\xmlunit-core\2.6.2\xmlunit-core-2.6.2.jar;E:\repo\org\springframework\boot\spring-boot-starter-thymeleaf\2.1.2.RELEASE\spring-boot-starter-thymeleaf-2.1.2.RELEASE.jar;E:\repo\org\thymeleaf\thymeleaf-spring5\3.0.11.RELEASE\thymeleaf-spring5-3.0.11.RELEASE.jar;E:\repo\org\thymeleaf\thymeleaf\3.0.11.RELEASE\thymeleaf-3.0.11.RELEASE.jar;E:\repo\org\attoparser\attoparser\2.0.5.RELEASE\attoparser-2.0.5.RELEASE.jar;E:\repo\org\unbescape\unbescape\1.1.6.RELEASE\unbescape-1.1.6.RELEASE.jar;E:\repo\org\thymeleaf\extras\thymeleaf-extras-java8time\3.0.2.RELEASE\thymeleaf-extras-java8time-3.0.2.RELEASE.jar;E:\repo\io\springfox\springfox-swagger2\2.7.0\springfox-swagger2-2.7.0.jar;E:\repo\io\swagger\swagger-annotations\1.5.13\swagger-annotations-1.5.13.jar;E:\repo\io\swagger\swagger-models\1.5.13\swagger-models-1.5.13.jar;E:\repo\com\fasterxml\jackson\core\jackson-annotations\2.9.0\jackson-annotations-2.9.0.jar;E:\repo\io\springfox\springfox-spi\2.7.0\springfox-spi-2.7.0.jar;E:\repo\io\springfox\springfox-core\2.7.0\springfox-core-2.7.0.jar;E:\repo\io\springfox\springfox-schema\2.7.0\springfox-schema-2.7.0.jar;E:\repo\io\springfox\springfox-swagger-common\2.7.0\springfox-swagger-common-2.7.0.jar;E:\repo\io\springfox\springfox-spring-web\2.7.0\springfox-spring-web-2.7.0.jar;E:\repo\org\reflections\reflections\0.9.11\reflections-0.9.11.jar;E:\repo\org\javassist\javassist\3.21.0-GA\javassist-3.21.0-GA.jar;E:\repo\com\google\guava\guava\18.0\guava-18.0.jar;E:\repo\com\fasterxml\classmate\1.4.0\classmate-1.4.0.jar;E:\repo\org\slf4j\slf4j-api\1.7.25\slf4j-api-1.7.25.jar;E:\repo\org\springframework\plugin\spring-plugin-core\1.2.0.RELEASE\spring-plugin-core-1.2.0.RELEASE.jar;E:\repo\org\springframework\plugin\spring-plugin-metadata\1.2.0.RELEASE\spring-plugin-metadata-1.2.0.RELEASE.jar;E:\repo\org\mapstruct\mapstruct\1.1.0.Final\mapstruct-1.1.0.Final.jar;E:\repo\io\springfox\springfox-swagger-ui\2.7.0\springfox-swagger-ui-2.7.0.jar;E:\repo\org\springframework\boot\spring-boot-starter-aop\2.1.2.RELEASE\spring-boot-starter-aop-2.1.2.RELEASE.jar;E:\repo\org\springframework\spring-aop\5.1.4.RELEASE\spring-aop-5.1.4.RELEASE.jar;E:\repo\org\aspectj\aspectjweaver\1.9.2\aspectjweaver-1.9.2.jar;E:\repo\org\springframework\boot\spring-boot-starter-data-redis\2.1.2.RELEASE\spring-boot-starter-data-redis-2.1.2.RELEASE.jar;E:\repo\org\springframework\data\spring-data-redis\2.1.4.RELEASE\spring-data-redis-2.1.4.RELEASE.jar;E:\repo\org\springframework\data\spring-data-keyvalue\2.1.4.RELEASE\spring-data-keyvalue-2.1.4.RELEASE.jar;E:\repo\org\springframework\data\spring-data-commons\2.1.4.RELEASE\spring-data-commons-2.1.4.RELEASE.jar;E:\repo\org\springframework\spring-tx\5.1.4.RELEASE\spring-tx-5.1.4.RELEASE.jar;E:\repo\org\springframework\spring-oxm\5.1.4.RELEASE\spring-oxm-5.1.4.RELEASE.jar;E:\repo\org\springframework\spring-context-support\5.1.4.RELEASE\spring-context-support-5.1.4.RELEASE.jar;E:\repo\io\lettuce\lettuce-core\5.1.3.RELEASE\lettuce-core-5.1.3.RELEASE.jar;E:\repo\io\projectreactor\reactor-core\3.2.5.RELEASE\reactor-core-3.2.5.RELEASE.jar;E:\repo\org\reactivestreams\reactive-streams\1.0.2\reactive-streams-1.0.2.jar;E:\repo\io\netty\netty-common\4.1.31.Final\netty-common-4.1.31.Final.jar;E:\repo\io\netty\netty-transport\4.1.31.Final\netty-transport-4.1.31.Final.jar;E:\repo\io\netty\netty-buffer\4.1.31.Final\netty-buffer-4.1.31.Final.jar;E:\repo\io\netty\netty-resolver\4.1.31.Final\netty-resolver-4.1.31.Final.jar;E:\repo\io\netty\netty-handler\4.1.31.Final\netty-handler-4.1.31.Final.jar;E:\repo\io\netty\netty-codec\4.1.31.Final\netty-codec-4.1.31.Final.jar;"/>
    <property name="java.vm.vendor" value="Oracle Corporation"/>
    <property name="sun.arch.data.model" value="64"/>
    <property name="user.variant" value=""/>
    <property name="java.vendor.url" value="http://java.oracle.com/"/>
    <property name="user.timezone" value="Asia/Shanghai"/>
    <property name="java.vm.specification.version" value="1.8"/>
    <property name="os.name" value="Windows 10"/>
    <property name="user.country" value="CN"/>
    <property name="sun.java.launcher" value="SUN_STANDARD"/>
    <property name="sun.boot.library.path" value="F:\Program Files\Java\jdk1.8.0_211\jre\bin"/>
    <property name="sun.java.command" value="C:\Users\ADMINI~1\AppData\Local\Temp\surefire7173476821696019881\surefirebooter587778807495990341.jar C:\Users\Administrator\AppData\Local\Temp\surefire7173476821696019881 2019-07-21T21-54-31_773-jvmRun1 surefire3653359812261452556tmp surefire_06109558849445449889tmp"/>
    <property name="surefire.test.class.path" value="F:\Eclipse_WorkSpace\springboot\target\test-classes;F:\Eclipse_WorkSpace\springboot\target\classes;E:\repo\org\mybatis\spring\boot\mybatis-spring-boot-starter\1.2.0\mybatis-spring-boot-starter-1.2.0.jar;E:\repo\org\springframework\boot\spring-boot-starter\2.1.2.RELEASE\spring-boot-starter-2.1.2.RELEASE.jar;E:\repo\org\springframework\boot\spring-boot\2.1.2.RELEASE\spring-boot-2.1.2.RELEASE.jar;E:\repo\org\springframework\boot\spring-boot-autoconfigure\2.1.2.RELEASE\spring-boot-autoconfigure-2.1.2.RELEASE.jar;E:\repo\org\springframework\boot\spring-boot-starter-logging\2.1.2.RELEASE\spring-boot-starter-logging-2.1.2.RELEASE.jar;E:\repo\ch\qos\logback\logback-classic\1.2.3\logback-classic-1.2.3.jar;E:\repo\ch\qos\logback\logback-core\1.2.3\logback-core-1.2.3.jar;E:\repo\org\apache\logging\log4j\log4j-to-slf4j\2.11.1\log4j-to-slf4j-2.11.1.jar;E:\repo\org\apache\logging\log4j\log4j-api\2.11.1\log4j-api-2.11.1.jar;E:\repo\org\slf4j\jul-to-slf4j\1.7.25\jul-to-slf4j-1.7.25.jar;E:\repo\javax\annotation\javax.annotation-api\1.3.2\javax.annotation-api-1.3.2.jar;E:\repo\org\yaml\snakeyaml\1.23\snakeyaml-1.23.jar;E:\repo\org\springframework\boot\spring-boot-starter-jdbc\2.1.2.RELEASE\spring-boot-starter-jdbc-2.1.2.RELEASE.jar;E:\repo\com\zaxxer\HikariCP\3.2.0\HikariCP-3.2.0.jar;E:\repo\org\springframework\spring-jdbc\5.1.4.RELEASE\spring-jdbc-5.1.4.RELEASE.jar;E:\repo\org\mybatis\spring\boot\mybatis-spring-boot-autoconfigure\1.2.0\mybatis-spring-boot-autoconfigure-1.2.0.jar;E:\repo\org\mybatis\mybatis\3.4.2\mybatis-3.4.2.jar;E:\repo\org\mybatis\mybatis-spring\1.3.1\mybatis-spring-1.3.1.jar;E:\repo\mysql\mysql-connector-java\8.0.13\mysql-connector-java-8.0.13.jar;E:\repo\org\springframework\boot\spring-boot-starter-web\2.1.2.RELEASE\spring-boot-starter-web-2.1.2.RELEASE.jar;E:\repo\org\springframework\boot\spring-boot-starter-json\2.1.2.RELEASE\spring-boot-starter-json-2.1.2.RELEASE.jar;E:\repo\com\fasterxml\jackson\core\jackson-databind\2.9.8\jackson-databind-2.9.8.jar;E:\repo\com\fasterxml\jackson\core\jackson-core\2.9.8\jackson-core-2.9.8.jar;E:\repo\com\fasterxml\jackson\datatype\jackson-datatype-jdk8\2.9.8\jackson-datatype-jdk8-2.9.8.jar;E:\repo\com\fasterxml\jackson\datatype\jackson-datatype-jsr310\2.9.8\jackson-datatype-jsr310-2.9.8.jar;E:\repo\com\fasterxml\jackson\module\jackson-module-parameter-names\2.9.8\jackson-module-parameter-names-2.9.8.jar;E:\repo\org\springframework\boot\spring-boot-starter-tomcat\2.1.2.RELEASE\spring-boot-starter-tomcat-2.1.2.RELEASE.jar;E:\repo\org\apache\tomcat\embed\tomcat-embed-core\9.0.14\tomcat-embed-core-9.0.14.jar;E:\repo\org\apache\tomcat\embed\tomcat-embed-el\9.0.14\tomcat-embed-el-9.0.14.jar;E:\repo\org\apache\tomcat\embed\tomcat-embed-websocket\9.0.14\tomcat-embed-websocket-9.0.14.jar;E:\repo\org\hibernate\validator\hibernate-validator\6.0.14.Final\hibernate-validator-6.0.14.Final.jar;E:\repo\javax\validation\validation-api\2.0.1.Final\validation-api-2.0.1.Final.jar;E:\repo\org\jboss\logging\jboss-logging\3.3.2.Final\jboss-logging-3.3.2.Final.jar;E:\repo\org\springframework\spring-web\5.1.4.RELEASE\spring-web-5.1.4.RELEASE.jar;E:\repo\org\springframework\spring-beans\5.1.4.RELEASE\spring-beans-5.1.4.RELEASE.jar;E:\repo\org\springframework\spring-webmvc\5.1.4.RELEASE\spring-webmvc-5.1.4.RELEASE.jar;E:\repo\org\springframework\spring-context\5.1.4.RELEASE\spring-context-5.1.4.RELEASE.jar;E:\repo\org\springframework\spring-expression\5.1.4.RELEASE\spring-expression-5.1.4.RELEASE.jar;E:\repo\org\springframework\boot\spring-boot-starter-test\2.1.2.RELEASE\spring-boot-starter-test-2.1.2.RELEASE.jar;E:\repo\org\springframework\boot\spring-boot-test\2.1.2.RELEASE\spring-boot-test-2.1.2.RELEASE.jar;E:\repo\org\springframework\boot\spring-boot-test-autoconfigure\2.1.2.RELEASE\spring-boot-test-autoconfigure-2.1.2.RELEASE.jar;E:\repo\com\jayway\jsonpath\json-path\2.4.0\json-path-2.4.0.jar;E:\repo\net\minidev\json-smart\2.3\json-smart-2.3.jar;E:\repo\net\minidev\accessors-smart\1.2\accessors-smart-1.2.jar;E:\repo\org\ow2\asm\asm\5.0.4\asm-5.0.4.jar;E:\repo\junit\junit\4.12\junit-4.12.jar;E:\repo\org\assertj\assertj-core\3.11.1\assertj-core-3.11.1.jar;E:\repo\org\mockito\mockito-core\2.23.4\mockito-core-2.23.4.jar;E:\repo\net\bytebuddy\byte-buddy\1.9.7\byte-buddy-1.9.7.jar;E:\repo\net\bytebuddy\byte-buddy-agent\1.9.7\byte-buddy-agent-1.9.7.jar;E:\repo\org\objenesis\objenesis\2.6\objenesis-2.6.jar;E:\repo\org\hamcrest\hamcrest-core\1.3\hamcrest-core-1.3.jar;E:\repo\org\hamcrest\hamcrest-library\1.3\hamcrest-library-1.3.jar;E:\repo\org\skyscreamer\jsonassert\1.5.0\jsonassert-1.5.0.jar;E:\repo\com\vaadin\external\google\android-json\0.0.20131108.vaadin1\android-json-0.0.20131108.vaadin1.jar;E:\repo\org\springframework\spring-core\5.1.4.RELEASE\spring-core-5.1.4.RELEASE.jar;E:\repo\org\springframework\spring-jcl\5.1.4.RELEASE\spring-jcl-5.1.4.RELEASE.jar;E:\repo\org\springframework\spring-test\5.1.4.RELEASE\spring-test-5.1.4.RELEASE.jar;E:\repo\org\xmlunit\xmlunit-core\2.6.2\xmlunit-core-2.6.2.jar;E:\repo\org\springframework\boot\spring-boot-starter-thymeleaf\2.1.2.RELEASE\spring-boot-starter-thymeleaf-2.1.2.RELEASE.jar;E:\repo\org\thymeleaf\thymeleaf-spring5\3.0.11.RELEASE\thymeleaf-spring5-3.0.11.RELEASE.jar;E:\repo\org\thymeleaf\thymeleaf\3.0.11.RELEASE\thymeleaf-3.0.11.RELEASE.jar;E:\repo\org\attoparser\attoparser\2.0.5.RELEASE\attoparser-2.0.5.RELEASE.jar;E:\repo\org\unbescape\unbescape\1.1.6.RELEASE\unbescape-1.1.6.RELEASE.jar;E:\repo\org\thymeleaf\extras\thymeleaf-extras-java8time\3.0.2.RELEASE\thymeleaf-extras-java8time-3.0.2.RELEASE.jar;E:\repo\io\springfox\springfox-swagger2\2.7.0\springfox-swagger2-2.7.0.jar;E:\repo\io\swagger\swagger-annotations\1.5.13\swagger-annotations-1.5.13.jar;E:\repo\io\swagger\swagger-models\1.5.13\swagger-models-1.5.13.jar;E:\repo\com\fasterxml\jackson\core\jackson-annotations\2.9.0\jackson-annotations-2.9.0.jar;E:\repo\io\springfox\springfox-spi\2.7.0\springfox-spi-2.7.0.jar;E:\repo\io\springfox\springfox-core\2.7.0\springfox-core-2.7.0.jar;E:\repo\io\springfox\springfox-schema\2.7.0\springfox-schema-2.7.0.jar;E:\repo\io\springfox\springfox-swagger-common\2.7.0\springfox-swagger-common-2.7.0.jar;E:\repo\io\springfox\springfox-spring-web\2.7.0\springfox-spring-web-2.7.0.jar;E:\repo\org\reflections\reflections\0.9.11\reflections-0.9.11.jar;E:\repo\org\javassist\javassist\3.21.0-GA\javassist-3.21.0-GA.jar;E:\repo\com\google\guava\guava\18.0\guava-18.0.jar;E:\repo\com\fasterxml\classmate\1.4.0\classmate-1.4.0.jar;E:\repo\org\slf4j\slf4j-api\1.7.25\slf4j-api-1.7.25.jar;E:\repo\org\springframework\plugin\spring-plugin-core\1.2.0.RELEASE\spring-plugin-core-1.2.0.RELEASE.jar;E:\repo\org\springframework\plugin\spring-plugin-metadata\1.2.0.RELEASE\spring-plugin-metadata-1.2.0.RELEASE.jar;E:\repo\org\mapstruct\mapstruct\1.1.0.Final\mapstruct-1.1.0.Final.jar;E:\repo\io\springfox\springfox-swagger-ui\2.7.0\springfox-swagger-ui-2.7.0.jar;E:\repo\org\springframework\boot\spring-boot-starter-aop\2.1.2.RELEASE\spring-boot-starter-aop-2.1.2.RELEASE.jar;E:\repo\org\springframework\spring-aop\5.1.4.RELEASE\spring-aop-5.1.4.RELEASE.jar;E:\repo\org\aspectj\aspectjweaver\1.9.2\aspectjweaver-1.9.2.jar;E:\repo\org\springframework\boot\spring-boot-starter-data-redis\2.1.2.RELEASE\spring-boot-starter-data-redis-2.1.2.RELEASE.jar;E:\repo\org\springframework\data\spring-data-redis\2.1.4.RELEASE\spring-data-redis-2.1.4.RELEASE.jar;E:\repo\org\springframework\data\spring-data-keyvalue\2.1.4.RELEASE\spring-data-keyvalue-2.1.4.RELEASE.jar;E:\repo\org\springframework\data\spring-data-commons\2.1.4.RELEASE\spring-data-commons-2.1.4.RELEASE.jar;E:\repo\org\springframework\spring-tx\5.1.4.RELEASE\spring-tx-5.1.4.RELEASE.jar;E:\repo\org\springframework\spring-oxm\5.1.4.RELEASE\spring-oxm-5.1.4.RELEASE.jar;E:\repo\org\springframework\spring-context-support\5.1.4.RELEASE\spring-context-support-5.1.4.RELEASE.jar;E:\repo\io\lettuce\lettuce-core\5.1.3.RELEASE\lettuce-core-5.1.3.RELEASE.jar;E:\repo\io\projectreactor\reactor-core\3.2.5.RELEASE\reactor-core-3.2.5.RELEASE.jar;E:\repo\org\reactivestreams\reactive-streams\1.0.2\reactive-streams-1.0.2.jar;E:\repo\io\netty\netty-common\4.1.31.Final\netty-common-4.1.31.Final.jar;E:\repo\io\netty\netty-transport\4.1.31.Final\netty-transport-4.1.31.Final.jar;E:\repo\io\netty\netty-buffer\4.1.31.Final\netty-buffer-4.1.31.Final.jar;E:\repo\io\netty\netty-resolver\4.1.31.Final\netty-resolver-4.1.31.Final.jar;E:\repo\io\netty\netty-handler\4.1.31.Final\netty-handler-4.1.31.Final.jar;E:\repo\io\netty\netty-codec\4.1.31.Final\netty-codec-4.1.31.Final.jar;"/>
    <property name="sun.cpu.endian" value="little"/>
    <property name="user.home" value="C:\Users\Administrator"/>
    <property name="user.language" value="zh"/>
    <property name="java.specification.vendor" value="Oracle Corporation"/>
    <property name="java.home" value="F:\Program Files\Java\jdk1.8.0_211\jre"/>
    <property name="basedir" value="F:\Eclipse_WorkSpace\springboot"/>
    <property name="file.separator" value="\"/>
    <property name="line.separator" value="&#10;"/>
    <property name="java.vm.specification.vendor" value="Oracle Corporation"/>
    <property name="java.specification.name" value="Java Platform API Specification"/>
    <property name="java.awt.graphicsenv" value="sun.awt.Win32GraphicsEnvironment"/>
    <property name="surefire.real.class.path" value="C:\Users\ADMINI~1\AppData\Local\Temp\surefire7173476821696019881\surefirebooter587778807495990341.jar"/>
    <property name="sun.boot.class.path" value="F:\Program Files\Java\jdk1.8.0_211\jre\lib\resources.jar;F:\Program Files\Java\jdk1.8.0_211\jre\lib\rt.jar;F:\Program Files\Java\jdk1.8.0_211\jre\lib\sunrsasign.jar;F:\Program Files\Java\jdk1.8.0_211\jre\lib\jsse.jar;F:\Program Files\Java\jdk1.8.0_211\jre\lib\jce.jar;F:\Program Files\Java\jdk1.8.0_211\jre\lib\charsets.jar;F:\Program Files\Java\jdk1.8.0_211\jre\lib\jfr.jar;F:\Program Files\Java\jdk1.8.0_211\jre\classes"/>
    <property name="user.script" value=""/>
    <property name="sun.management.compiler" value="HotSpot 64-Bit Tiered Compilers"/>
    <property name="java.runtime.version" value="1.8.0_211-b12"/>
    <property name="user.name" value="Administrator"/>
    <property name="path.separator" value=";"/>
    <property name="os.version" value="10.0"/>
    <property name="java.endorsed.dirs" value="F:\Program Files\Java\jdk1.8.0_211\jre\lib\endorsed"/>
    <property name="java.runtime.name" value="Java(TM) SE Runtime Environment"/>
    <property name="file.encoding" value="GBK"/>
    <property name="java.vm.name" value="Java HotSpot(TM) 64-Bit Server VM"/>
    <property name="localRepository" value="E:\repo"/>
    <property name="java.vendor.url.bug" value="http://bugreport.sun.com/bugreport/"/>
    <property name="java.io.tmpdir" value="C:\Users\ADMINI~1\AppData\Local\Temp\"/>
    <property name="java.version" value="1.8.0_211"/>
    <property name="user.dir" value="F:\Eclipse_WorkSpace\springboot"/>
    <property name="os.arch" value="amd64"/>
    <property name="java.vm.specification.name" value="Java Virtual Machine Specification"/>
    <property name="java.awt.printerjob" value="sun.awt.windows.WPrinterJob"/>
    <property name="sun.os.patch.level" value=""/>
    <property name="java.library.path" value="F:\Program Files\Java\jdk1.8.0_211\jre\bin;C:\Windows\Sun\Java\bin;C:\Windows\system32;C:\Windows;C:\Program Files (x86)\Common Files\Oracle\Java\javapath;C:\Windows\system32;C:\Windows;C:\Windows\System32\Wbem;C:\Windows\System32\WindowsPowerShell\v1.0\;C:\Program Files\IDM Computer Solutions\UltraEdit;C:\Program Files\NVIDIA Corporation\NVIDIA NvDLISR;F:\Program Files\Java\jdk1.8.0_211\\bin;F:\Program Files\Java\jdk1.8.0_211\\jre\bin;F:\apache-maven-3.6.1\bin;C:\Users\Administrator\AppData\Local\Microsoft\WindowsApps;;."/>
    <property name="java.vm.info" value="mixed mode"/>
    <property name="java.vendor" value="Oracle Corporation"/>
    <property name="java.vm.version" value="25.211-b12"/>
    <property name="java.ext.dirs" value="F:\Program Files\Java\jdk1.8.0_211\jre\lib\ext;C:\Windows\Sun\Java\lib\ext"/>
    <property name="sun.io.unicode.encoding" value="UnicodeLittle"/>
    <property name="java.class.version" value="52.0"/>
  </properties>
  <testcase name="testApp" classname="com.test.springboot.AppTest" time="0.661"/>
</testsuite>